{"D:\\ExpressApp\\Enterprise\\model\\DailyExpenseTest.js":{"path":"D:\\ExpressApp\\Enterprise\\model\\DailyExpenseTest.js","s":{"1":1,"2":1,"3":1,"4":1,"5":1,"6":1,"7":1,"8":1,"9":1,"10":1,"11":1,"12":0,"13":1,"14":1,"15":1},"b":{"1":[0,1]},"f":{"1":1,"2":1,"3":1},"fnMap":{"1":{"name":"(anonymous_1)","line":12,"loc":{"start":{"line":12,"column":16},"end":{"line":12,"column":27}}},"2":{"name":"(anonymous_2)","line":31,"loc":{"start":{"line":31,"column":18},"end":{"line":31,"column":47}}},"3":{"name":"(anonymous_3)","line":37,"loc":{"start":{"line":37,"column":11},"end":{"line":37,"column":22}}}},"statementMap":{"1":{"start":{"line":5,"column":0},"end":{"line":5,"column":48}},"2":{"start":{"line":7,"column":0},"end":{"line":7,"column":35}},"3":{"start":{"line":8,"column":0},"end":{"line":8,"column":45}},"4":{"start":{"line":10,"column":0},"end":{"line":10,"column":29}},"5":{"start":{"line":11,"column":0},"end":{"line":11,"column":65}},"6":{"start":{"line":12,"column":0},"end":{"line":14,"column":3}},"7":{"start":{"line":13,"column":3},"end":{"line":13,"column":35}},"8":{"start":{"line":19,"column":0},"end":{"line":26,"column":3}},"9":{"start":{"line":28,"column":0},"end":{"line":28,"column":62}},"10":{"start":{"line":31,"column":0},"end":{"line":40,"column":3}},"11":{"start":{"line":32,"column":2},"end":{"line":34,"column":3}},"12":{"start":{"line":33,"column":3},"end":{"line":33,"column":29}},"13":{"start":{"line":35,"column":2},"end":{"line":35,"column":65}},"14":{"start":{"line":37,"column":2},"end":{"line":39,"column":4}},"15":{"start":{"line":38,"column":1},"end":{"line":38,"column":26}}},"branchMap":{"1":{"line":32,"type":"if","locations":[{"start":{"line":32,"column":2},"end":{"line":32,"column":2}},{"start":{"line":32,"column":2},"end":{"line":32,"column":2}}]}}},"D:\\ExpressApp\\Enterprise\\model\\ExpenseModel.js":{"path":"D:\\ExpressApp\\Enterprise\\model\\ExpenseModel.js","s":{"1":1,"2":1,"3":1,"4":1,"5":2,"6":1,"7":24,"8":1,"9":1},"b":{},"f":{"1":2,"2":24},"fnMap":{"1":{"name":"(anonymous_1)","line":14,"loc":{"start":{"line":14,"column":30},"end":{"line":14,"column":40}}},"2":{"name":"(anonymous_2)","line":18,"loc":{"start":{"line":18,"column":33},"end":{"line":18,"column":43}}}},"statementMap":{"1":{"start":{"line":2,"column":0},"end":{"line":2,"column":35}},"2":{"start":{"line":3,"column":0},"end":{"line":3,"column":29}},"3":{"start":{"line":6,"column":0},"end":{"line":12,"column":3}},"4":{"start":{"line":14,"column":0},"end":{"line":16,"column":1}},"5":{"start":{"line":15,"column":1},"end":{"line":15,"column":17}},"6":{"start":{"line":18,"column":0},"end":{"line":20,"column":1}},"7":{"start":{"line":19,"column":1},"end":{"line":19,"column":19}},"8":{"start":{"line":22,"column":0},"end":{"line":22,"column":55}},"9":{"start":{"line":25,"column":0},"end":{"line":25,"column":25}}},"branchMap":{}}}