TN:
SF:D:\ExpressApp\Enterprise\model\DailyExpenseTest.js
FN:12,(anonymous_1)
FN:31,(anonymous_2)
FN:37,(anonymous_3)
FNF:3
FNH:3
FNDA:1,(anonymous_1)
FNDA:1,(anonymous_2)
FNDA:1,(anonymous_3)
DA:5,1
DA:7,1
DA:8,1
DA:10,1
DA:11,1
DA:12,1
DA:13,1
DA:19,1
DA:28,1
DA:31,1
DA:32,1
DA:33,0
DA:35,1
DA:37,1
DA:38,1
LF:15
LH:14
BRDA:32,1,0,0
BRDA:32,1,1,1
BRF:2
BRH:1
end_of_record
TN:
SF:D:\ExpressApp\Enterprise\model\ExpenseModel.js
FN:14,(anonymous_1)
FN:18,(anonymous_2)
FNF:2
FNH:2
FNDA:2,(anonymous_1)
FNDA:24,(anonymous_2)
DA:2,1
DA:3,1
DA:6,1
DA:14,1
DA:15,2
DA:18,1
DA:19,24
DA:22,1
DA:25,1
LF:9
LH:9
BRF:0
BRH:0
end_of_record
